[22-Feb-2019 06:50:07 UTC] This message is written to the log file
[22-Feb-2019 06:50:15 UTC] This message is written to the log file
[22-Feb-2019 06:50:25 UTC] PHP Notice:  Undefined index: slb_list in /Applications/MAMP/htdocs/wordpress-plugin-course/wp-content/plugins/sanetech-snappy-list-builder/sanetech-snappy-list-builder.php on line 216
[22-Feb-2019 06:50:25 UTC] PHP Notice:  Undefined index: slb_fname in /Applications/MAMP/htdocs/wordpress-plugin-course/wp-content/plugins/sanetech-snappy-list-builder/sanetech-snappy-list-builder.php on line 219
[22-Feb-2019 06:50:25 UTC] PHP Notice:  Undefined index: slb_lname in /Applications/MAMP/htdocs/wordpress-plugin-course/wp-content/plugins/sanetech-snappy-list-builder/sanetech-snappy-list-builder.php on line 220
[22-Feb-2019 06:50:25 UTC] PHP Notice:  Undefined index: slb_email in /Applications/MAMP/htdocs/wordpress-plugin-course/wp-content/plugins/sanetech-snappy-list-builder/sanetech-snappy-list-builder.php on line 221
[22-Feb-2019 06:50:27 UTC] PHP Notice:  Undefined index: slb_list in /Applications/MAMP/htdocs/wordpress-plugin-course/wp-content/plugins/sanetech-snappy-list-builder/sanetech-snappy-list-builder.php on line 216
[22-Feb-2019 06:50:27 UTC] PHP Notice:  Undefined index: slb_fname in /Applications/MAMP/htdocs/wordpress-plugin-course/wp-content/plugins/sanetech-snappy-list-builder/sanetech-snappy-list-builder.php on line 219
[22-Feb-2019 06:50:27 UTC] PHP Notice:  Undefined index: slb_lname in /Applications/MAMP/htdocs/wordpress-plugin-course/wp-content/plugins/sanetech-snappy-list-builder/sanetech-snappy-list-builder.php on line 220
[22-Feb-2019 06:50:27 UTC] PHP Notice:  Undefined index: slb_email in /Applications/MAMP/htdocs/wordpress-plugin-course/wp-content/plugins/sanetech-snappy-list-builder/sanetech-snappy-list-builder.php on line 221
[22-Feb-2019 06:50:37 UTC] This message is written to the log file
[22-Feb-2019 06:50:37 UTC] PHP Notice:  Undefined index: slb_list in /Applications/MAMP/htdocs/wordpress-plugin-course/wp-content/plugins/sanetech-snappy-list-builder/sanetech-snappy-list-builder.php on line 219
[22-Feb-2019 06:50:37 UTC] PHP Notice:  Undefined index: slb_fname in /Applications/MAMP/htdocs/wordpress-plugin-course/wp-content/plugins/sanetech-snappy-list-builder/sanetech-snappy-list-builder.php on line 222
[22-Feb-2019 06:50:37 UTC] PHP Notice:  Undefined index: slb_lname in /Applications/MAMP/htdocs/wordpress-plugin-course/wp-content/plugins/sanetech-snappy-list-builder/sanetech-snappy-list-builder.php on line 223
[22-Feb-2019 06:50:37 UTC] PHP Notice:  Undefined index: slb_email in /Applications/MAMP/htdocs/wordpress-plugin-course/wp-content/plugins/sanetech-snappy-list-builder/sanetech-snappy-list-builder.php on line 224
[22-Feb-2019 06:50:39 UTC] This message is written to the log file
[22-Feb-2019 06:50:39 UTC] PHP Notice:  Undefined index: slb_list in /Applications/MAMP/htdocs/wordpress-plugin-course/wp-content/plugins/sanetech-snappy-list-builder/sanetech-snappy-list-builder.php on line 219
[22-Feb-2019 06:50:39 UTC] PHP Notice:  Undefined index: slb_fname in /Applications/MAMP/htdocs/wordpress-plugin-course/wp-content/plugins/sanetech-snappy-list-builder/sanetech-snappy-list-builder.php on line 222
[22-Feb-2019 06:50:39 UTC] PHP Notice:  Undefined index: slb_lname in /Applications/MAMP/htdocs/wordpress-plugin-course/wp-content/plugins/sanetech-snappy-list-builder/sanetech-snappy-list-builder.php on line 223
[22-Feb-2019 06:50:39 UTC] PHP Notice:  Undefined index: slb_email in /Applications/MAMP/htdocs/wordpress-plugin-course/wp-content/plugins/sanetech-snappy-list-builder/sanetech-snappy-list-builder.php on line 224
[22-Feb-2019 06:50:45 UTC] PHP Notice:  Undefined index: slb_list in /Applications/MAMP/htdocs/wordpress-plugin-course/wp-content/plugins/sanetech-snappy-list-builder/sanetech-snappy-list-builder.php on line 218
[22-Feb-2019 06:50:45 UTC] PHP Notice:  Undefined index: slb_fname in /Applications/MAMP/htdocs/wordpress-plugin-course/wp-content/plugins/sanetech-snappy-list-builder/sanetech-snappy-list-builder.php on line 221
[22-Feb-2019 06:50:45 UTC] PHP Notice:  Undefined index: slb_lname in /Applications/MAMP/htdocs/wordpress-plugin-course/wp-content/plugins/sanetech-snappy-list-builder/sanetech-snappy-list-builder.php on line 222
[22-Feb-2019 06:50:45 UTC] PHP Notice:  Undefined index: slb_email in /Applications/MAMP/htdocs/wordpress-plugin-course/wp-content/plugins/sanetech-snappy-list-builder/sanetech-snappy-list-builder.php on line 223
[22-Feb-2019 06:50:53 UTC] PHP Notice:  Undefined index: slb_list in /Applications/MAMP/htdocs/wordpress-plugin-course/wp-content/plugins/sanetech-snappy-list-builder/sanetech-snappy-list-builder.php on line 218
[22-Feb-2019 06:50:53 UTC] PHP Notice:  Undefined index: slb_fname in /Applications/MAMP/htdocs/wordpress-plugin-course/wp-content/plugins/sanetech-snappy-list-builder/sanetech-snappy-list-builder.php on line 221
[22-Feb-2019 06:50:53 UTC] PHP Notice:  Undefined index: slb_lname in /Applications/MAMP/htdocs/wordpress-plugin-course/wp-content/plugins/sanetech-snappy-list-builder/sanetech-snappy-list-builder.php on line 222
[22-Feb-2019 06:50:53 UTC] PHP Notice:  Undefined index: slb_email in /Applications/MAMP/htdocs/wordpress-plugin-course/wp-content/plugins/sanetech-snappy-list-builder/sanetech-snappy-list-builder.php on line 223
[22-Feb-2019 06:51:04 UTC] PHP Notice:  Undefined index: slb_list in /Applications/MAMP/htdocs/wordpress-plugin-course/wp-content/plugins/sanetech-snappy-list-builder/sanetech-snappy-list-builder.php on line 216
[22-Feb-2019 06:51:04 UTC] PHP Notice:  Undefined index: slb_fname in /Applications/MAMP/htdocs/wordpress-plugin-course/wp-content/plugins/sanetech-snappy-list-builder/sanetech-snappy-list-builder.php on line 219
[22-Feb-2019 06:51:04 UTC] PHP Notice:  Undefined index: slb_lname in /Applications/MAMP/htdocs/wordpress-plugin-course/wp-content/plugins/sanetech-snappy-list-builder/sanetech-snappy-list-builder.php on line 220
[22-Feb-2019 06:51:04 UTC] PHP Notice:  Undefined index: slb_email in /Applications/MAMP/htdocs/wordpress-plugin-course/wp-content/plugins/sanetech-snappy-list-builder/sanetech-snappy-list-builder.php on line 221
[22-Feb-2019 06:54:02 UTC] PHP Notice:  Undefined index: slb_list in /Applications/MAMP/htdocs/wordpress-plugin-course/wp-content/plugins/sanetech-snappy-list-builder/sanetech-snappy-list-builder.php on line 216
[22-Feb-2019 06:54:02 UTC] PHP Notice:  Undefined index: slb_fname in /Applications/MAMP/htdocs/wordpress-plugin-course/wp-content/plugins/sanetech-snappy-list-builder/sanetech-snappy-list-builder.php on line 219
[22-Feb-2019 06:54:02 UTC] PHP Notice:  Undefined index: slb_lname in /Applications/MAMP/htdocs/wordpress-plugin-course/wp-content/plugins/sanetech-snappy-list-builder/sanetech-snappy-list-builder.php on line 220
[22-Feb-2019 06:54:02 UTC] PHP Notice:  Undefined index: slb_email in /Applications/MAMP/htdocs/wordpress-plugin-course/wp-content/plugins/sanetech-snappy-list-builder/sanetech-snappy-list-builder.php on line 221
[22-Feb-2019 06:54:04 UTC] PHP Notice:  Undefined index: slb_list in /Applications/MAMP/htdocs/wordpress-plugin-course/wp-content/plugins/sanetech-snappy-list-builder/sanetech-snappy-list-builder.php on line 216
[22-Feb-2019 06:54:04 UTC] PHP Notice:  Undefined index: slb_fname in /Applications/MAMP/htdocs/wordpress-plugin-course/wp-content/plugins/sanetech-snappy-list-builder/sanetech-snappy-list-builder.php on line 219
[22-Feb-2019 06:54:04 UTC] PHP Notice:  Undefined index: slb_lname in /Applications/MAMP/htdocs/wordpress-plugin-course/wp-content/plugins/sanetech-snappy-list-builder/sanetech-snappy-list-builder.php on line 220
[22-Feb-2019 06:54:04 UTC] PHP Notice:  Undefined index: slb_email in /Applications/MAMP/htdocs/wordpress-plugin-course/wp-content/plugins/sanetech-snappy-list-builder/sanetech-snappy-list-builder.php on line 221
[06-Mar-2019 07:09:26 UTC] PHP Parse error:  syntax error, unexpected 'slb_save_subscription' (T_STRING) in /Applications/MAMP/htdocs/wordpress-plugin-course/wp-content/plugins/sanetech-snappy-list-builder/sanetech-snappy-list-builder.php on line 259
[06-Mar-2019 07:38:39 UTC] PHP Parse error:  syntax error, unexpected ';' in /Applications/MAMP/htdocs/wordpress-plugin-course/wp-content/plugins/sanetech-snappy-list-builder/sanetech-snappy-list-builder.php on line 84
[06-Mar-2019 07:40:00 UTC] PHP Parse error:  syntax error, unexpected ';' in /Applications/MAMP/htdocs/wordpress-plugin-course/wp-content/plugins/sanetech-snappy-list-builder/sanetech-snappy-list-builder.php on line 87
[06-Mar-2019 07:40:50 UTC] PHP Parse error:  syntax error, unexpected ';' in /Applications/MAMP/htdocs/wordpress-plugin-course/wp-content/plugins/sanetech-snappy-list-builder/sanetech-snappy-list-builder.php on line 87
[06-Mar-2019 07:40:51 UTC] PHP Parse error:  syntax error, unexpected ';' in /Applications/MAMP/htdocs/wordpress-plugin-course/wp-content/plugins/sanetech-snappy-list-builder/sanetech-snappy-list-builder.php on line 87
[06-Mar-2019 07:50:33 UTC] PHP Fatal error:  Allowed memory size of 134217728 bytes exhausted (tried to allocate 262144 bytes) in /Applications/MAMP/htdocs/wordpress-plugin-course/wp-includes/class-wp-hook.php on line 310
[06-Mar-2019 07:50:33 UTC] PHP Fatal error:  Allowed memory size of 134217728 bytes exhausted (tried to allocate 262144 bytes) in /Applications/MAMP/htdocs/wordpress-plugin-course/wp-includes/load.php on line 684
[06-Mar-2019 07:51:06 UTC] PHP Fatal error:  Allowed memory size of 134217728 bytes exhausted (tried to allocate 262144 bytes) in /Applications/MAMP/htdocs/wordpress-plugin-course/wp-includes/class-wp-hook.php on line 310
[06-Mar-2019 07:51:06 UTC] PHP Fatal error:  Allowed memory size of 134217728 bytes exhausted (tried to allocate 262144 bytes) in /Applications/MAMP/htdocs/wordpress-plugin-course/wp-includes/load.php on line 684
[06-Mar-2019 07:51:42 UTC] PHP Parse error:  syntax error, unexpected '}', expecting ',' or ';' in /Applications/MAMP/htdocs/wordpress-plugin-course/wp-content/plugins/sanetech-snappy-list-builder/sanetech-snappy-list-builder.php on line 251
